2023-06-11 11:13:55,768 DEBUG client.py Сформировано presence сообщение для пользователя Guest
2023-06-11 11:13:55,768 DEBUG client.py Успешный ответ сервера: 200: OK
2023-06-11 11:15:13,084 DEBUG client.py Сформировано presence сообщение для пользователя Guest
2023-06-11 11:15:13,085 DEBUG client.py Ответ сервера 400 : Bad Request 
2023-06-11 11:18:20,118 DEBUG client.py Сформировано presence сообщение для пользователя Guest
2023-06-11 11:18:20,125 DEBUG client.py Успешный ответ сервера: 200: OK
2023-06-11 11:25:21,536 DEBUG client.py Сформировано presence сообщение для пользователя Guest
2023-06-11 11:25:21,546 DEBUG client.py Разбор ответа сервера: {'response': 400, 'error': 'Bad Request'}
2023-06-11 11:25:21,546 ERROR client.py Ответ сервера 400 : Bad Request 
2023-06-11 11:26:41,531 DEBUG client.py Сформировано presence сообщение для пользователя Guest
2023-06-11 11:26:41,531 DEBUG client.py Разбор ответа сервера: {'response': 400, 'error': 'Bad Request'}
2023-06-11 11:26:41,531 DEBUG client.py Ответ сервера 400 : Bad Request 
2023-06-11 11:27:34,985 DEBUG client.py Сформировано presence сообщение для пользователя Guest
2023-06-11 11:27:34,985 DEBUG client.py Разбор ответа сервера: {'response': 400, 'error': 'Bad Request'}
2023-06-11 11:27:34,986 DEBUG client.py Отсутствует обязательное поле: Bad Request 
2023-06-11 11:28:43,451 DEBUG client.py Сформировано presence сообщение для пользователя Guest
2023-06-11 11:28:43,452 DEBUG client.py Разбор ответа сервера: {'response': 400, 'error': 'Bad Request'}
2023-06-11 11:28:43,452 DEBUG client.py Ответ сервера 400 : Bad Request 
2023-06-11 11:31:09,788 DEBUG client.py Сформировано presence сообщение для пользователя Guest
2023-06-11 11:31:09,789 DEBUG client.py Разбор ответа сервера: {'response': 400, 'error': 'Bad Request'}
2023-06-11 11:31:09,789 DEBUG client.py Ответ сервера 400 : Bad Request 
2023-06-11 11:32:39,100 DEBUG client.py Сформировано presence сообщение для пользователя Guest
2023-06-11 11:32:39,100 DEBUG client.py Разбор ответа сервера: {'response': 400, 'error': 'Bad Request'}
2023-06-11 11:32:39,100 DEBUG client.py Ответ сервера 400 : Bad Request. Отсутствует обязательное поле
2023-06-11 12:29:29,602 DEBUG client.py Сформировано presence сообщение для пользователя Guest
2023-06-11 12:29:29,602 DEBUG client.py Разбор ответа сервера: {'response': 400, 'error': 'Bad Request'}
2023-06-11 12:30:00,384 DEBUG client.py Сформировано presence сообщение для пользователя Guest
2023-06-11 12:30:00,384 DEBUG client.py Разбор ответа сервера: {'response': 400, 'error': 'Bad Request'}
2023-06-11 12:30:59,760 DEBUG client.py Сформировано presence сообщение для пользователя Guest
2023-06-11 12:30:59,761 DEBUG client.py Разбор ответа сервера: {'response': 400, 'error': 'Bad Request'}
2023-06-11 12:30:59,761 ERROR client.py Ответ сервера 400 : Bad Request. Отсутствует обязательное поле
2023-06-11 12:31:40,087 DEBUG client.py Сформировано presence сообщение для пользователя Guest
2023-06-11 12:31:40,087 DEBUG client.py Разбор ответа сервера: {'response': 400, 'error': 'Bad Request'}
2023-06-11 12:31:40,088 ERROR client.py Ответ сервера 400 : Bad Request. Отсутствует обязательное поле
2023-06-11 12:32:15,798 DEBUG client.py Сформировано presence сообщение для пользователя Guest
2023-06-11 12:32:15,799 DEBUG client.py Разбор ответа сервера: {'response': 200}
2023-06-11 12:32:15,799 DEBUG client.py Успешный ответ : 200: OK
2023-06-11 12:35:02,664 DEBUG client.py Сформировано presence сообщение для пользователя Guest
2023-06-11 12:35:02,665 DEBUG client.py Разбор ответа сервера: {'response': 200}
2023-06-11 12:35:02,665 DEBUG client.py Успешный ответ : 200: OK
2023-06-11 12:39:37,926 DEBUG client.py Сформировано presence сообщение для пользователя Guest
2023-06-11 12:39:37,926 DEBUG client.py Разбор ответа сервера: {'response': 200}
2023-06-11 12:39:37,926 DEBUG client.py Успешный ответ : 200: OK
2023-06-11 12:39:55,758 DEBUG client.py Сформировано presence сообщение для пользователя Guest
2023-06-11 12:39:55,758 DEBUG client.py Разбор ответа сервера: {'response': 400, 'error': 'Bad Request'}
2023-06-11 12:39:55,758 ERROR client.py Ответ сервера 400 : Bad Request. Отсутствует обязательное поле
2023-06-11 14:25:52,867 DEBUG client.py Сформировано presence сообщение для пользователя Guest
2023-06-11 14:25:52,868 DEBUG client.py Разбор ответа сервера: {'response': 200}
2023-06-11 14:25:52,869 DEBUG client.py Успешный ответ : 200: OK
2023-06-11 19:16:11,599 DEBUG client.py Сформировано presence сообщение для пользователя Guest
2023-06-11 19:16:11,602 DEBUG client.py Разбор ответа сервера: {'response': 200}
2023-06-11 19:16:11,602 DEBUG client.py Успешный ответ : 200: OK
2023-06-11 19:17:36,653 DEBUG client.py Сформировано presence сообщение для пользователя Guest
2023-06-11 19:17:36,653 DEBUG client.py Разбор ответа сервера: {'response': 200}
2023-06-11 19:17:36,653 DEBUG client.py Успешный ответ : 200: OK
2023-06-11 19:20:46,229 DEBUG client.py Сформировано presence сообщение для пользователя Guest
2023-06-11 19:20:46,230 DEBUG client.py Разбор ответа сервера: {'response': 400, 'error': 'Bad Request'}
2023-06-11 19:20:46,230 ERROR client.py Ответ сервера 400 : Bad Request. Отсутствует обязательное поле
2023-06-11 19:37:46,666 DEBUG client.py Сформировано presence сообщение для пользователя Guest
2023-06-11 19:37:46,667 DEBUG client.py Разбор ответа сервера: {'response': 200}
2023-06-11 19:37:46,667 DEBUG client.py Успешный ответ : 200: OK
2023-06-11 19:37:46,667 INFO client.py Принят ответ от сервера 200 : OK
2023-06-12 12:13:05,091 DEBUG client.py Сформировано presence сообщение для пользователя Guest
2023-06-12 12:13:05,093 DEBUG client.py Разбор ответа сервера: {'response': 200}
2023-06-12 12:13:05,093 DEBUG client.py Успешный ответ : 200: OK
2023-06-12 12:13:05,093 INFO client.py Принят ответ от сервера 200 : OK
2023-06-12 16:49:36,384 DEBUG decos.py Была вызвана функция create_arg_parser c параметрами (), {}. Вызов из модуля __main__. Вызов из функции main().Вызов из функции main
2023-06-12 16:49:39,858 DEBUG decos.py Была вызвана функция create_arg_parser c параметрами (), {}. Вызов из модуля __main__. Вызов из функции main().Вызов из функции main
2023-06-12 16:49:39,858 DEBUG client.py Сформировано presence сообщение для пользователя Guest
2023-06-12 16:49:39,859 DEBUG decos.py Была вызвана функция create_presence_msg c параметрами (), {}. Вызов из модуля __main__. Вызов из функции main().Вызов из функции main
2023-06-12 16:49:39,859 DEBUG decos.py Была вызвана функция parse_client_message c параметрами ({'action': 'presence', 'time': 1686570579.8589597, 'user': {'account_name': 'Guest'}},), {}. Вызов из модуля __main__. Вызов из функции main().Вызов из функции main
2023-06-12 16:49:39,860 DEBUG client.py Разбор ответа сервера: {'response': 200}
2023-06-12 16:49:39,860 DEBUG client.py Успешный ответ : 200: OK
2023-06-12 16:49:39,860 DEBUG decos.py Была вызвана функция main c параметрами (), {}. Вызов из модуля __main__. Вызов из функции main().Вызов из функции <module>
2023-06-12 16:49:39,860 DEBUG decos.py Была вызвана функция answer_server c параметрами ({'response': 200},), {}. Вызов из модуля __main__. Вызов из функции main().Вызов из функции main
2023-06-12 16:49:39,860 INFO client.py Принят ответ от сервера 200 : OK
2023-06-12 16:49:39,860 DEBUG decos.py Была вызвана функция main c параметрами (), {}. Вызов из модуля __main__. Вызов из функции main().Вызов из функции <module>
2023-06-12 16:56:49,280 DEBUG decos.py Была вызвана функция create_arg_parser c параметрами (), {}. Вызов из модуля __main__. Вызов из функции main().Вызов из функции main
2023-06-12 16:56:49,280 INFO server.py Запущен сервер, порт для подключений: 7777, адрес: . Если адрес не указан, принимаются соединения с любых адресов.
2023-06-12 16:56:52,575 DEBUG decos.py Была вызвана функция create_arg_parser c параметрами (), {}. Вызов из модуля __main__. Вызов из функции main().Вызов из функции main
2023-06-12 16:56:52,576 DEBUG client.py Сформировано presence сообщение для пользователя Guest
2023-06-12 16:56:52,576 INFO server.py Установлено соедение с клиентом: ('127.0.0.1', 43832)
2023-06-12 16:56:52,576 DEBUG decos.py Была вызвана функция create_presence_msg c параметрами (), {}. Вызов из модуля __main__. Вызов из функции main().Вызов из функции main
2023-06-12 16:56:52,576 DEBUG server.py Получено сервером сообщение от клиента: {'action': 'presence', 'time': 1686571012.5762413, 'user': {'account_name': 'Guest'}}
2023-06-12 16:56:52,576 DEBUG decos.py Была вызвана функция parse_client_message c параметрами ({'action': 'presence', 'time': 1686571012.5762413, 'user': {'account_name': 'Guest'}},), {}. Вызов из модуля __main__. Вызов из функции main().Вызов из функции main
2023-06-12 16:56:52,576 INFO server.py Ответ сервера клиенту: {'response': 200}
2023-06-12 16:56:52,577 DEBUG server.py Соединение с клиентом ('127.0.0.1', 43832) завершено.
2023-06-12 16:56:52,577 DEBUG client.py Разбор ответа сервера: {'response': 200}
2023-06-12 16:56:52,577 DEBUG client.py Успешный ответ : 200: OK
2023-06-12 16:56:52,577 DEBUG decos.py Была вызвана функция main c параметрами (), {}. Вызов из модуля __main__. Вызов из функции main().Вызов из функции <module>
2023-06-12 16:56:52,577 DEBUG decos.py Была вызвана функция answer_server c параметрами ({'response': 200},), {}. Вызов из модуля __main__. Вызов из функции main().Вызов из функции main
2023-06-12 16:56:52,577 INFO client.py Принят ответ от сервера 200 : OK
2023-06-12 16:56:52,577 DEBUG decos.py Была вызвана функция main c параметрами (), {}. Вызов из модуля __main__. Вызов из функции main().Вызов из функции <module>
2023-06-12 16:58:21,170 DEBUG decos.py Была вызвана функция create_arg_parser c параметрами (), {}. Вызов из модуля __main__. Вызов из функции main().Вызов из функции main
2023-06-12 16:58:21,170 INFO server.py Запущен сервер, порт для подключений: 7777, адрес: . Если адрес не указан, принимаются соединения с любых адресов.
2023-06-12 16:58:25,262 DEBUG decos.py Была вызвана функция create_arg_parser c параметрами (), {}. Вызов из модуля __main__. Вызов из функции main().Вызов из функции main
2023-06-12 16:58:25,263 DEBUG client.py Сформировано presence сообщение для пользователя Guest
2023-06-12 16:58:25,263 INFO server.py 
Установлено соедение с клиентом: ('127.0.0.1', 53066)
2023-06-12 16:58:25,263 DEBUG decos.py Была вызвана функция create_presence_msg c параметрами (), {}. Вызов из модуля __main__. Вызов из функции main().Вызов из функции main
2023-06-12 16:58:25,264 DEBUG server.py Получено сервером сообщение от клиента: {'action': 'presence', 'time': 1686571105.263496, 'user': {'account_name': 'Guest'}}
2023-06-12 16:58:25,264 DEBUG decos.py Была вызвана функция parse_client_message c параметрами ({'action': 'presence', 'time': 1686571105.263496, 'user': {'account_name': 'Guest'}},), {}. Вызов из модуля __main__. Вызов из функции main().Вызов из функции main
2023-06-12 16:58:25,264 INFO server.py Ответ сервера клиенту: {'response': 200}
2023-06-12 16:58:25,264 DEBUG server.py Соединение с клиентом ('127.0.0.1', 53066) завершено.
2023-06-12 16:58:25,264 DEBUG client.py Разбор ответа сервера: {'response': 200}
2023-06-12 16:58:25,264 DEBUG client.py Успешный ответ : 200: OK
2023-06-12 16:58:25,264 DEBUG decos.py Была вызвана функция main c параметрами (), {}. Вызов из модуля __main__. Вызов из функции main().Вызов из функции <module>
2023-06-12 16:58:25,264 DEBUG decos.py Была вызвана функция answer_server c параметрами ({'response': 200},), {}. Вызов из модуля __main__. Вызов из функции main().Вызов из функции main
2023-06-12 16:58:25,264 INFO client.py Принят ответ от сервера 200 : OK
2023-06-12 16:58:25,264 DEBUG decos.py Была вызвана функция main c параметрами (), {}. Вызов из модуля __main__. Вызов из функции main().Вызов из функции <module>
2023-06-12 16:59:19,572 DEBUG decos.py Была вызвана функция create_arg_parser c параметрами (), {}. Вызов из модуля __main__. Вызов из функции main().Вызов из функции main
2023-06-12 16:59:19,573 INFO server.py Запущен сервер, порт для подключений: 7777, адрес: . Если адрес не указан, принимаются соединения с любых адресов.
2023-06-12 16:59:27,747 DEBUG decos.py Была вызвана функция create_arg_parser c параметрами (), {}. Вызов из модуля __main__. Вызов из функции main().Вызов из функции main
2023-06-12 16:59:27,747 INFO server.py Запущен сервер, порт для подключений: 7771, адрес: . Если адрес не указан, принимаются соединения с любых адресов.
2023-06-12 16:59:31,987 DEBUG decos.py Была вызвана функция create_arg_parser c параметрами (), {}. Вызов из модуля __main__. Вызов из функции main().Вызов из функции main
2023-06-12 16:59:31,987 DEBUG client.py Сформировано presence сообщение для пользователя Guest
2023-06-12 16:59:31,987 INFO server.py Установлено соедение с клиентом: ('127.0.0.1', 44902)
2023-06-12 16:59:31,988 DEBUG decos.py Была вызвана функция create_presence_msg c параметрами (), {}. Вызов из модуля __main__. Вызов из функции main().Вызов из функции main
2023-06-12 16:59:31,988 DEBUG server.py Получено сервером сообщение от клиента: {'action': 'presence', 'time': 1686571171.9878643, 'user': {'account_name': 'Guest'}}
2023-06-12 16:59:31,988 DEBUG decos.py Была вызвана функция parse_client_message c параметрами ({'action': 'presence', 'time': 1686571171.9878643, 'user': {'account_name': 'Guest'}},), {}. Вызов из модуля __main__. Вызов из функции main().Вызов из функции main
2023-06-12 16:59:31,988 INFO server.py Ответ сервера клиенту: {'response': 200}
2023-06-12 16:59:31,988 DEBUG server.py Соединение с клиентом ('127.0.0.1', 44902) завершено.
2023-06-12 16:59:31,988 DEBUG client.py Разбор ответа сервера: {'response': 200}
2023-06-12 16:59:31,988 DEBUG client.py Успешный ответ : 200: OK
2023-06-12 16:59:31,989 DEBUG decos.py Была вызвана функция main c параметрами (), {}. Вызов из модуля __main__. Вызов из функции main().Вызов из функции <module>
2023-06-12 16:59:31,989 DEBUG decos.py Была вызвана функция answer_server c параметрами ({'response': 200},), {}. Вызов из модуля __main__. Вызов из функции main().Вызов из функции main
2023-06-12 16:59:31,989 INFO client.py Принят ответ от сервера 200 : OK
2023-06-12 16:59:31,989 DEBUG decos.py Была вызвана функция main c параметрами (), {}. Вызов из модуля __main__. Вызов из функции main().Вызов из функции <module>
2023-06-12 17:02:26,883 DEBUG decos.py Была вызвана функция create_arg_parser c параметрами (), {}. Вызов из модуля __main__. Вызов из функции main().Вызов из функции main
2023-06-12 17:02:26,883 INFO server.py Запущен сервер, порт для подключений: 7771, адрес: . Если адрес не указан, принимаются соединения с любых адресов.
2023-06-12 17:02:30,994 DEBUG decos.py Была вызвана функция create_arg_parser c параметрами (), {}. Вызов из модуля __main__. Вызов из функции main().Вызов из функции main
2023-06-12 17:02:30,994 DEBUG client.py Сформировано presence сообщение для пользователя Guest
2023-06-12 17:02:30,994 INFO server.py Установлено соедение с клиентом: ('127.0.0.1', 39382)
2023-06-12 17:02:30,995 DEBUG decos.py Была вызвана функция create_presence_msg c параметрами (), {}. Вызов из модуля __main__. Вызов из функции main().Вызов из функции main
2023-06-12 17:02:30,995 DEBUG server.py Получено сервером сообщение от клиента: {'action': 'presence', 'time': 1686571350.9948685, 'user': {'account_name': 'Guest'}}
2023-06-12 17:02:30,995 DEBUG decos.py Была вызвана функция parse_client_message c параметрами ({'action': 'presence', 'time': 1686571350.9948685, 'user': {'account_name': 'Guest'}},), {}. Вызов из модуля __main__. Вызов из функции main().Вызов из функции main
2023-06-12 17:02:30,995 INFO server.py Ответ сервера клиенту: {'response': 200}
2023-06-12 17:02:30,995 DEBUG server.py Соединение с клиентом ('127.0.0.1', 39382) завершено.
2023-06-12 17:02:30,995 DEBUG client.py Разбор ответа сервера: {'response': 200}
2023-06-12 17:02:30,995 DEBUG client.py Успешный ответ : 200: OK
2023-06-12 17:02:30,996 DEBUG decos.py Была вызвана функция main c параметрами (), {}. Вызов из модуля __main__. Вызов из функции main().Вызов из функции <module>
2023-06-12 17:02:30,996 DEBUG decos.py Была вызвана функция answer_server c параметрами ({'response': 200},), {}. Вызов из модуля __main__. Вызов из функции main().Вызов из функции main
2023-06-12 17:02:30,996 INFO client.py Принят ответ от сервера 200 : OK
2023-06-12 17:02:30,996 DEBUG decos.py Была вызвана функция main c параметрами (), {}. Вызов из модуля __main__. Вызов из функции main().Вызов из функции <module>
2023-06-12 17:05:53,511 DEBUG decos.py Была вызвана функция create_arg_parser c параметрами (), {}. Вызов из модуля __main__. Вызов из функции main().Вызов из функции main
2023-06-12 17:05:53,512 INFO server.py Запущен сервер, порт для подключений: 7771, адрес: . Если адрес не указан, принимаются соединения с любых адресов.
2023-06-12 17:06:08,517 DEBUG decos.py Была вызвана функция create_arg_parser c параметрами (), {}. Вызов из модуля __main__. Вызов из функции main().Вызов из функции main
2023-06-12 17:06:08,517 DEBUG client.py Сформировано presence сообщение для пользователя Guest
2023-06-12 17:06:08,517 INFO server.py Установлено соедение с клиентом: ('127.0.0.1', 41460)
2023-06-12 17:06:08,517 DEBUG decos.py Была вызвана функция create_presence_msg c параметрами (), {}. Вызов из модуля __main__. Вызов из функции main().Вызов из функции main
2023-06-12 17:06:08,517 DEBUG server.py Получено сервером сообщение от клиента: {'action': 'presence', 'time': 1686571568.5173852, 'user': {'account_name': 'Guest'}}
2023-06-12 17:06:08,518 DEBUG decos.py Была вызвана функция parse_client_message c параметрами ({'action': 'presence', 'time': 1686571568.5173852, 'user': {'account_name': 'Guest'}},), {}. Вызов из модуля __main__. Вызов из функции main().Вызов из функции main
2023-06-12 17:06:08,518 INFO server.py Ответ сервера клиенту: {'response': 200}
2023-06-12 17:06:08,518 DEBUG server.py Соединение с клиентом ('127.0.0.1', 41460) завершено.
2023-06-12 17:06:08,518 DEBUG client.py Разбор ответа сервера: {'response': 200}
2023-06-12 17:06:08,518 DEBUG client.py Успешный ответ : 200: OK
2023-06-12 17:06:08,518 DEBUG decos.py Была вызвана функция main c параметрами (), {}. Вызов из модуля __main__. Вызов из функции main().Вызов из функции <module>
2023-06-12 17:06:08,518 DEBUG decos.py Была вызвана функция answer_server c параметрами ({'response': 200},), {}. Вызов из модуля __main__. Вызов из функции main().Вызов из функции main
2023-06-12 17:06:08,518 INFO client.py Принят ответ от сервера 200 : OK
2023-06-12 17:06:08,518 DEBUG decos.py Была вызвана функция main c параметрами (), {}. Вызов из модуля __main__. Вызов из функции main().Вызов из функции <module>
2023-06-12 17:07:16,236 CRITICAL client_log_config.py Критическая ошибка
2023-06-12 17:07:16,236 ERROR client_log_config.py Ошибка
2023-06-12 17:07:16,236 DEBUG client_log_config.py Отладочная информация
2023-06-12 17:07:16,237 INFO client_log_config.py Информационное сообщение
2023-06-12 17:15:21,582 DEBUG decos.py Была вызвана функция create_arg_parser c параметрами (), {}. Вызов из модуля __main__. Вызов из функции main().Вызов из функции main
2023-06-12 17:15:23,866 DEBUG decos.py Была вызвана функция create_arg_parser c параметрами (), {}. Вызов из модуля __main__. Вызов из функции main().Вызов из функции main
2023-06-12 17:15:23,866 DEBUG client.py Сформировано presence сообщение для пользователя Guest
2023-06-12 17:15:23,866 DEBUG decos.py Была вызвана функция create_presence_msg c параметрами (), {}. Вызов из модуля __main__. Вызов из функции main().Вызов из функции main
2023-06-12 17:15:23,867 DEBUG decos.py Была вызвана функция parse_client_message c параметрами ({'action': 'presence', 'time': 1686572123.8664021, 'user': {'account_name': 'Guest'}},), {}. Вызов из модуля __main__. Вызов из функции main().Вызов из функции main
2023-06-12 17:15:23,867 DEBUG client.py Разбор ответа сервера: {'response': 200}
2023-06-12 17:15:23,867 DEBUG client.py Успешный ответ : 200: OK
2023-06-12 17:15:23,867 DEBUG decos.py Была вызвана функция main c параметрами (), {}. Вызов из модуля __main__. Вызов из функции main().Вызов из функции <module>
2023-06-12 17:15:23,867 DEBUG decos.py Была вызвана функция answer_server c параметрами ({'response': 200},), {}. Вызов из модуля __main__. Вызов из функции main().Вызов из функции main
2023-06-12 17:15:23,867 INFO client.py Принят ответ от сервера 200 : OK
2023-06-12 17:15:23,869 DEBUG decos.py Была вызвана функция main c параметрами (), {}. Вызов из модуля __main__. Вызов из функции main().Вызов из функции <module>
2023-06-12 17:18:38,596 DEBUG decos.py Была вызвана функция create_arg_parser c параметрами (), {}. Вызов из модуля __main__. Вызов из функции main().Вызов из функции main
2023-06-12 17:18:41,712 DEBUG decos.py Была вызвана функция create_arg_parser c параметрами (), {}. Вызов из модуля __main__. Вызов из функции main().Вызов из функции main
2023-06-12 17:18:41,712 DEBUG client.py Сформировано presence сообщение для пользователя Guest
2023-06-12 17:18:41,713 DEBUG decos.py Была вызвана функция create_presence_msg c параметрами (), {}. Вызов из модуля __main__. Вызов из функции main().Вызов из функции main
2023-06-12 17:18:41,713 DEBUG decos.py Была вызвана функция parse_client_message c параметрами ({'action': 'presence', 'time': 1686572321.712971, 'user': {'account_name': 'Guest'}},), {}. Вызов из модуля __main__. Вызов из функции main().Вызов из функции main
2023-06-12 17:18:41,713 DEBUG client.py Разбор ответа сервера: {'response': 200}
2023-06-12 17:18:41,713 DEBUG client.py Успешный ответ : 200: OK
2023-06-12 17:18:41,714 DEBUG decos.py Была вызвана функция main c параметрами (), {}. Вызов из модуля __main__. Вызов из функции main().Вызов из функции <module>
2023-06-12 17:18:41,714 DEBUG decos.py Была вызвана функция answer_server c параметрами ({'response': 200},), {}. Вызов из модуля __main__. Вызов из функции main().Вызов из функции main
2023-06-12 17:18:41,714 INFO client.py Принят ответ от сервера 200 : OK
2023-06-12 17:18:41,714 DEBUG decos.py Была вызвана функция main c параметрами (), {}. Вызов из модуля __main__. Вызов из функции main().Вызов из функции <module>
2023-06-12 17:26:07,611 DEBUG decos.py Была вызвана функция create_arg_parser c параметрами (), {}. Вызов из модуля __main__. Вызов из функции main().Вызов из функции main
2023-06-12 17:26:12,049 DEBUG decos.py Была вызвана функция create_arg_parser c параметрами (), {}. Вызов из модуля __main__. Вызов из функции main().Вызов из функции main
2023-06-12 17:26:12,051 DEBUG client.py Сформировано presence сообщение для пользователя Guest
2023-06-12 17:26:12,053 DEBUG decos.py Была вызвана функция create_presence_msg c параметрами (), {}. Вызов из модуля __main__. Вызов из функции main().Вызов из функции main
2023-06-12 17:26:12,054 DEBUG decos.py Была вызвана функция parse_client_message c параметрами ({'action': 'presence', 'time': 1686572772.0513296, 'user': {'account_name': 'Guest'}},), {}. Вызов из модуля __main__. Вызов из функции main().Вызов из функции main
2023-06-12 17:26:12,055 DEBUG decos.py Была вызвана функция main c параметрами (), {}. Вызов из модуля __main__. Вызов из функции main().Вызов из функции <module>
2023-06-12 17:26:12,056 DEBUG client.py Разбор ответа сервера: {'response': 200}
2023-06-12 17:26:12,056 DEBUG client.py Успешный ответ : 200: OK
2023-06-12 17:26:12,058 DEBUG decos.py Была вызвана функция answer_server c параметрами ({'response': 200},), {}. Вызов из модуля __main__. Вызов из функции main().Вызов из функции main
2023-06-12 17:26:12,058 INFO client.py Принят ответ от сервера 200 : OK
2023-06-12 17:26:12,060 DEBUG decos.py Была вызвана функция main c параметрами (), {}. Вызов из модуля __main__. Вызов из функции main().Вызов из функции <module>
2023-06-12 17:38:53,078 DEBUG decos.py Была вызвана функция create_arg_parser c параметрами (), {}. Вызов из модуля __main__. Вызов из функции main().Вызов из функции main
2023-06-12 17:38:56,390 DEBUG decos.py Была вызвана функция create_arg_parser c параметрами (), {}. Вызов из модуля __main__. Вызов из функции main().Вызов из функции main
2023-06-12 17:38:56,390 DEBUG client.py Сформировано presence сообщение для пользователя Guest
2023-06-12 17:38:56,391 DEBUG decos.py Была вызвана функция create_presence_msg c параметрами (), {}. Вызов из модуля __main__. Вызов из функции main().Вызов из функции main
2023-06-12 17:38:56,391 DEBUG decos.py Была вызвана функция parse_client_message c параметрами ({'action': 'presence', 'time': 1686573536.390841, 'user': {'account_name': 'Guest'}},), {}. Вызов из модуля __main__. Вызов из функции main().Вызов из функции main
2023-06-12 17:38:56,392 DEBUG client.py Разбор ответа сервера: {'response': 200}
2023-06-12 17:38:56,392 DEBUG client.py Успешный ответ : 200: OK
2023-06-12 17:38:56,392 DEBUG decos.py Была вызвана функция main c параметрами (), {}. Вызов из модуля __main__. Вызов из функции main().Вызов из функции <module>
2023-06-12 17:38:56,392 DEBUG decos.py Была вызвана функция answer_server c параметрами ({'response': 200},), {}. Вызов из модуля __main__. Вызов из функции main().Вызов из функции main
2023-06-12 17:38:56,392 INFO client.py Принят ответ от сервера 200 : OK
2023-06-12 17:38:56,393 DEBUG decos.py Была вызвана функция main c параметрами (), {}. Вызов из модуля __main__. Вызов из функции main().Вызов из функции <module>
2023-06-12 17:41:24,373 DEBUG decos.py Была вызвана функция create_arg_parser c параметрами (), {}. Вызов из модуля __main__. Вызов из функции main().Вызов из функции main
2023-06-12 17:41:26,590 DEBUG decos.py Была вызвана функция create_arg_parser c параметрами (), {}. Вызов из модуля __main__. Вызов из функции main().Вызов из функции main
2023-06-12 17:41:26,590 DEBUG client.py Сформировано presence сообщение для пользователя Guest
2023-06-12 17:41:26,591 DEBUG decos.py Была вызвана функция create_presence_msg c параметрами (), {}. Вызов из модуля __main__. Вызов из функции main().Вызов из функции main
2023-06-12 17:41:26,591 DEBUG decos.py Была вызвана функция parse_client_message c параметрами ({'action': 'presence', 'time': 1686573686.590926, 'user': {'account_name': 'Guest'}},), {}. Вызов из модуля __main__. Вызов из функции main().Вызов из функции main
2023-06-12 17:41:26,591 DEBUG client.py Разбор ответа сервера: {'response': 200}
2023-06-12 17:41:26,591 DEBUG client.py Успешный ответ : 200: OK
2023-06-12 17:41:26,592 DEBUG decos.py Была вызвана функция main c параметрами (), {}. Вызов из модуля __main__. Вызов из функции main().Вызов из функции <module>
2023-06-12 17:41:26,592 DEBUG decos.py Была вызвана функция answer_server c параметрами ({'response': 200},), {}. Вызов из модуля __main__. Вызов из функции main().Вызов из функции main
2023-06-12 17:41:26,592 INFO client.py Принят ответ от сервера 200 : OK
2023-06-12 17:41:26,592 DEBUG decos.py Была вызвана функция main c параметрами (), {}. Вызов из модуля __main__. Вызов из функции main().Вызов из функции <module>
2023-06-12 17:41:54,186 DEBUG (decos.py) Была вызвана функция create_arg_parser c параметрами (), {}. Вызов из модуля __main__. Вызов из функции main().Вызов из функции main
2023-06-12 17:42:01,862 DEBUG (decos.py) Была вызвана функция create_arg_parser c параметрами (), {}. Вызов из модуля __main__. Вызов из функции main().Вызов из функции main
2023-06-12 17:42:05,776 DEBUG (decos.py) Была вызвана функция create_arg_parser c параметрами (), {}. Вызов из модуля __main__. Вызов из функции main().Вызов из функции main
2023-06-12 17:42:05,776 DEBUG (client.py) Сформировано presence сообщение для пользователя Guest
2023-06-12 17:42:05,776 DEBUG (decos.py) Была вызвана функция create_presence_msg c параметрами (), {}. Вызов из модуля __main__. Вызов из функции main().Вызов из функции main
2023-06-12 17:42:05,777 DEBUG (decos.py) Была вызвана функция parse_client_message c параметрами ({'action': 'presence', 'time': 1686573725.7765348, 'user': {'account_name': 'Guest'}},), {}. Вызов из модуля __main__. Вызов из функции main().Вызов из функции main
2023-06-12 17:42:05,778 DEBUG (client.py) Разбор ответа сервера: {'response': 200}
2023-06-12 17:42:05,778 DEBUG (client.py) Успешный ответ : 200: OK
2023-06-12 17:42:05,779 DEBUG (decos.py) Была вызвана функция main c параметрами (), {}. Вызов из модуля __main__. Вызов из функции main().Вызов из функции <module>
2023-06-12 17:42:05,779 DEBUG (decos.py) Была вызвана функция answer_server c параметрами ({'response': 200},), {}. Вызов из модуля __main__. Вызов из функции main().Вызов из функции main
2023-06-12 17:42:05,779 INFO (client.py) Принят ответ от сервера 200 : OK
2023-06-12 17:42:05,779 DEBUG (decos.py) Была вызвана функция main c параметрами (), {}. Вызов из модуля __main__. Вызов из функции main().Вызов из функции <module>
2023-06-12 17:47:05,931 DEBUG (decos.py) Была вызвана функция create_arg_parser c параметрами (), {}. Вызов из модуля __main__. Вызов из функции main().Вызов из функции main
2023-06-12 17:47:08,993 DEBUG (decos.py) Была вызвана функция create_arg_parser c параметрами (), {}. Вызов из модуля __main__. Вызов из функции main().Вызов из функции main
2023-06-12 17:47:08,993 DEBUG (client.py) Сформировано presence сообщение для пользователя Guest
2023-06-12 17:47:08,994 DEBUG (decos.py) Была вызвана функция create_presence_msg c параметрами (), {}. Вызов из модуля __main__. Вызов из функции main().Вызов из функции main
2023-06-12 17:47:08,994 DEBUG (decos.py) Была вызвана функция parse_client_message c параметрами ({'action': 'presence', 'time': 1686574028.99381, 'user': {'account_name': 'Guest'}},), {}. Вызов из модуля __main__. Вызов из функции main().Вызов из функции main
2023-06-12 17:47:08,994 DEBUG (client.py) Разбор ответа сервера: {'response': 200}
2023-06-12 17:47:08,994 DEBUG (client.py) Успешный ответ : 200: OK
2023-06-12 17:47:08,995 DEBUG (decos.py) Была вызвана функция main c параметрами (), {}. Вызов из модуля __main__. Вызов из функции main().Вызов из функции <module>
2023-06-12 17:47:08,995 DEBUG (decos.py) Была вызвана функция answer_server c параметрами ({'response': 200},), {}. Вызов из модуля __main__. Вызов из функции main().Вызов из функции main
2023-06-12 17:47:08,995 INFO (client.py) Принят ответ от сервера 200 : OK
2023-06-12 17:47:08,995 DEBUG (decos.py) Была вызвана функция main c параметрами (), {}. Вызов из модуля __main__. Вызов из функции main().Вызов из функции <module>
2023-06-12 17:48:54,608 DEBUG (decos.py) Была вызвана функция create_arg_parser c параметрами (), {}. Вызов из модуля __main__. Вызов из функции main().Вызов из функции main
2023-06-12 17:48:58,847 DEBUG (decos.py) Была вызвана функция create_arg_parser c параметрами (), {}. Вызов из модуля __main__. Вызов из функции main().Вызов из функции main
2023-06-12 17:48:58,847 DEBUG (client.py) Сформировано presence сообщение для пользователя Guest
2023-06-12 17:48:58,848 DEBUG (decos.py) Была вызвана функция create_presence_msg c параметрами (), {}. Вызов из модуля __main__. Вызов из функции main().Вызов из функции main
2023-06-12 17:48:58,848 DEBUG (decos.py) Была вызвана функция parse_client_message c параметрами ({'action': 'presence', 'time': 1686574138.8478656, 'user': {'account_name': 'Guest'}},), {}. Вызов из модуля __main__. Вызов из функции main().Вызов из функции main
2023-06-12 17:48:58,848 DEBUG (client.py) Разбор ответа сервера: {'response': 200}
2023-06-12 17:48:58,848 DEBUG (client.py) Успешный ответ : 200: OK
2023-06-12 17:48:58,849 DEBUG (decos.py) Была вызвана функция main c параметрами (), {}. Вызов из модуля __main__. Вызов из функции main().Вызов из функции <module>
2023-06-12 17:48:58,849 DEBUG (decos.py) Была вызвана функция answer_server c параметрами ({'response': 200},), {}. Вызов из модуля __main__. Вызов из функции main().Вызов из функции main
2023-06-12 17:48:58,849 INFO (client.py) Принят ответ от сервера 200 : OK
2023-06-12 17:48:58,849 DEBUG (decos.py) Была вызвана функция main c параметрами (), {}. Вызов из модуля __main__. Вызов из функции main().Вызов из функции <module>
2023-06-12 17:50:14,347 DEBUG (decos.py) Была вызвана функция create_arg_parser c параметрами (), {}. Вызов из модуля __main__. Вызов из функции main().Вызов из функции main
2023-06-12 17:50:30,582 DEBUG (decos.py) Была вызвана функция create_arg_parser c параметрами (), {}. Вызов из модуля __main__. Вызов из функции main().Вызов из функции main
2023-06-12 17:50:30,582 DEBUG (client.py) Сформировано presence сообщение для пользователя Guest
2023-06-12 17:50:30,582 DEBUG (decos.py) Была вызвана функция create_presence_msg c параметрами (), {}. Вызов из модуля __main__. Вызов из функции main().Вызов из функции main
2023-06-12 17:50:30,583 DEBUG (decos.py) Была вызвана функция parse_client_message c параметрами ({'action': 'presence', 'time': 1686574230.5826116, 'user': {'account_name': 'Guest'}},), {}. Вызов из модуля __main__. Вызов из функции main().Вызов из функции main
2023-06-12 17:50:30,583 DEBUG (client.py) Разбор ответа сервера: {'response': 200}
2023-06-12 17:50:30,583 DEBUG (client.py) Успешный ответ : 200: OK
2023-06-12 17:50:30,583 DEBUG (decos.py) Была вызвана функция main c параметрами (), {}. Вызов из модуля __main__. Вызов из функции main().Вызов из функции <module>
2023-06-12 17:50:30,583 DEBUG (decos.py) Была вызвана функция answer_server c параметрами ({'response': 200},), {}. Вызов из модуля __main__. Вызов из функции main().Вызов из функции main
2023-06-12 17:50:30,583 INFO (client.py) Принят ответ от сервера 200 : OK
2023-06-12 17:50:30,584 DEBUG (decos.py) Была вызвана функция main c параметрами (), {}. Вызов из модуля __main__. Вызов из функции main().Вызов из функции <module>
2023-06-12 17:51:14,981 DEBUG (decos.py) Была вызвана функция create_arg_parser c параметрами (), {}. Вызов из модуля __main__. Вызов из функции main().Вызов из функции main
2023-06-12 17:51:22,977 DEBUG (decos.py) Была вызвана функция create_arg_parser c параметрами (), {}. Вызов из модуля __main__. Вызов из функции main().Вызов из функции main
2023-06-12 17:51:39,983 DEBUG (decos.py) Была вызвана функция create_arg_parser c параметрами (), {}. Вызов из модуля __main__. Вызов из функции main().Вызов из функции main
2023-06-12 17:51:39,983 DEBUG (client.py) Сформировано presence сообщение для пользователя Guest
2023-06-12 17:51:39,983 DEBUG (decos.py) Была вызвана функция create_presence_msg c параметрами (), {}. Вызов из модуля __main__. Вызов из функции main().Вызов из функции main
2023-06-12 17:51:39,984 DEBUG (decos.py) Была вызвана функция parse_client_message c параметрами ({'action': 'presence', 'time': 1686574299.983353, 'user': {'account_name': 'Guest'}},), {}. Вызов из модуля __main__. Вызов из функции main().Вызов из функции main
2023-06-12 17:51:39,984 DEBUG (client.py) Разбор ответа сервера: {'response': 200}
2023-06-12 17:51:39,984 DEBUG (client.py) Успешный ответ : 200: OK
2023-06-12 17:51:39,984 DEBUG (decos.py) Была вызвана функция main c параметрами (), {}. Вызов из модуля __main__. Вызов из функции main().Вызов из функции <module>
2023-06-12 17:51:39,984 DEBUG (decos.py) Была вызвана функция answer_server c параметрами ({'response': 200},), {}. Вызов из модуля __main__. Вызов из функции main().Вызов из функции main
2023-06-12 17:51:39,984 INFO (client.py) Принят ответ от сервера 200 : OK
2023-06-12 17:51:39,984 DEBUG (decos.py) Была вызвана функция main c параметрами (), {}. Вызов из модуля __main__. Вызов из функции main().Вызов из функции <module>
2023-06-12 17:53:41,813 DEBUG (decos.py) Была вызвана функция create_arg_parser c параметрами (), {}. Вызов из модуля __main__. Вызов из функции main().Вызов из функции main
2023-06-12 17:54:12,899 DEBUG (decos.py) Была вызвана функция create_arg_parser c параметрами (), {}. Вызов из модуля __main__. Вызов из функции main().Вызов из функции main
2023-06-12 17:54:12,900 DEBUG (client.py) Сформировано presence сообщение для пользователя Guest
2023-06-12 17:54:12,900 DEBUG (decos.py) Была вызвана функция create_presence_msg c параметрами (), {}. Вызов из модуля __main__. Вызов из функции main().Вызов из функции main
2023-06-12 17:54:12,901 DEBUG (client.py) Разбор ответа сервера: {'response': 200}
2023-06-12 17:54:12,901 DEBUG (client.py) Успешный ответ : 200: OK
2023-06-12 17:54:12,901 DEBUG (decos.py) Была вызвана функция answer_server c параметрами ({'response': 200},), {}. Вызов из модуля __main__. Вызов из функции main().Вызов из функции main
2023-06-12 17:54:12,901 INFO (client.py) Принят ответ от сервера 200 : OK
2023-06-12 17:54:12,902 DEBUG (decos.py) Была вызвана функция main c параметрами (), {}. Вызов из модуля __main__. Вызов из функции main().Вызов из функции <module>
2023-06-12 17:54:39,642 DEBUG (decos.py) Была вызвана функция create_arg_parser c параметрами (), {}. Вызов из модуля __main__. Вызов из функции main().Вызов из функции main
2023-06-12 17:54:39,643 DEBUG (client.py) Сформировано presence сообщение для пользователя Guest
2023-06-12 17:54:39,643 DEBUG (decos.py) Была вызвана функция create_presence_msg c параметрами (), {}. Вызов из модуля __main__. Вызов из функции main().Вызов из функции main
2023-06-12 17:54:39,644 DEBUG (client.py) Разбор ответа сервера: {'response': 200}
2023-06-12 17:54:39,644 DEBUG (client.py) Успешный ответ : 200: OK
2023-06-12 17:54:39,644 DEBUG (decos.py) Была вызвана функция answer_server c параметрами ({'response': 200},), {}. Вызов из модуля __main__. Вызов из функции main().Вызов из функции main
2023-06-12 17:54:39,644 INFO (client.py) Принят ответ от сервера 200 : OK
2023-06-12 17:54:39,644 DEBUG (decos.py) Была вызвана функция main c параметрами (), {}. Вызов из модуля __main__. Вызов из функции main().Вызов из функции <module>
2023-06-12 17:57:07,702 DEBUG (decos.py) Была вызвана функция client.py c параметрами (), {}. Вызов из модуля __main__. Вызов из функции main().Вызов из функции main
2023-06-12 17:57:07,702 DEBUG (client.py) Сформировано presence сообщение для пользователя Guest
2023-06-12 17:57:07,703 DEBUG (decos.py) Была вызвана функция client.py c параметрами (), {}. Вызов из модуля __main__. Вызов из функции main().Вызов из функции main
2023-06-12 17:57:07,703 DEBUG (client.py) Разбор ответа сервера: {'response': 200}
2023-06-12 17:57:07,703 DEBUG (client.py) Успешный ответ : 200: OK
2023-06-12 17:57:07,704 DEBUG (decos.py) Была вызвана функция client.py c параметрами ({'response': 200},), {}. Вызов из модуля __main__. Вызов из функции main().Вызов из функции main
2023-06-12 17:57:07,704 INFO (client.py) Принят ответ от сервера 200 : OK
2023-06-12 17:57:07,704 DEBUG (decos.py) Была вызвана функция client.py c параметрами (), {}. Вызов из модуля __main__. Вызов из функции main().Вызов из функции <module>
2023-06-12 18:03:08,749 CRITICAL (client_log_config.py) Критическая ошибка
2023-06-12 18:03:08,749 ERROR (client_log_config.py) Ошибка
2023-06-12 18:03:08,749 DEBUG (client_log_config.py) Отладочная информация
2023-06-12 18:03:08,749 INFO (client_log_config.py) Информационное сообщение
2023-06-12 18:32:01,592 DEBUG (decos.py) Была вызвана функция create_arg_parser c параметрами (), {}. Вызов из модуля __main__. Вызов из функции main().Вызов из функции main
2023-06-12 18:32:01,592 DEBUG (client.py) Сформировано presence сообщение для пользователя Guest
2023-06-12 18:32:01,592 DEBUG (decos.py) Была вызвана функция create_presence_msg c параметрами (), {}. Вызов из модуля __main__. Вызов из функции main().Вызов из функции main
2023-06-12 18:32:01,593 DEBUG (client.py) Разбор ответа сервера: {'response': 200}
2023-06-12 18:32:01,593 DEBUG (client.py) Успешный ответ : 200: OK
2023-06-12 18:32:01,594 DEBUG (decos.py) Была вызвана функция answer_server c параметрами ({'response': 200},), {}. Вызов из модуля __main__. Вызов из функции main().Вызов из функции main
2023-06-12 18:32:01,594 INFO (client.py) Принят ответ от сервера 200 : OK
2023-06-12 18:32:01,594 DEBUG (decos.py) Была вызвана функция main c параметрами (), {}. Вызов из модуля __main__. Вызов из функции main().Вызов из функции <module>
2023-06-12 18:33:31,051 DEBUG (decos.py) Была вызвана функция create_arg_parser c параметрами (), {}. Вызов из модуля __main__. Вызов из функции main().Вызов из функции main
2023-06-12 18:33:31,051 DEBUG (client.py) Сформировано presence сообщение для пользователя Guest
2023-06-12 18:33:31,052 DEBUG (decos.py) Была вызвана функция create_presence_msg c параметрами (), {}. Вызов из модуля __main__. Вызов из функции main().Вызов из функции main
2023-06-12 18:33:31,053 DEBUG (client.py) Разбор ответа сервера: {'response': 200}
2023-06-12 18:33:31,053 DEBUG (client.py) Успешный ответ : 200: OK
2023-06-12 18:33:31,054 DEBUG (decos.py) Была вызвана функция answer_server c параметрами ({'response': 200},), {}. Вызов из модуля __main__. Вызов из функции main().Вызов из функции main
2023-06-12 18:33:31,054 INFO (client.py) Принят ответ от сервера 200 : OK
2023-06-12 18:33:31,054 DEBUG (decos.py) Была вызвана функция main c параметрами (), {}. Вызов из модуля __main__. Вызов из функции main().Вызов из функции <module>
2023-06-12 18:34:32,157 DEBUG (decos.py) Была вызвана функция create_arg_parser c параметрами (), {}. Вызов из модуля __main__. Вызов из функции main().Вызов из функции main
2023-06-12 18:34:32,158 DEBUG (client.py) Сформировано presence сообщение для пользователя Guest
2023-06-12 18:34:32,158 DEBUG (decos.py) Была вызвана функция create_presence_msg c параметрами (), {}. Вызов из модуля __main__. Вызов из функции main().Вызов из функции main
2023-06-12 18:34:32,159 DEBUG (client.py) Разбор ответа сервера: {'response': 200}
2023-06-12 18:34:32,159 DEBUG (client.py) Успешный ответ : 200: OK
2023-06-12 18:34:32,159 DEBUG (decos.py) Была вызвана функция answer_server c параметрами ({'response': 200},), {}. Вызов из модуля __main__. Вызов из функции main().Вызов из функции main
2023-06-12 18:34:32,159 INFO (client.py) Принят ответ от сервера 200 : OK
2023-06-12 18:34:32,160 DEBUG (decos.py) Была вызвана функция main c параметрами (), {}. Вызов из модуля __main__. Вызов из функции main().Вызов из функции <module>
2023-06-12 18:47:11,283 DEBUG (client.py) Была вызвана функция create_arg_parser c параметрами (), {}. Вызов из модуля __main__. Вызов из функции main().Вызов из функции main
2023-06-12 18:47:11,283 DEBUG (client.py) Сформировано presence сообщение для пользователя Guest
2023-06-12 18:47:11,284 DEBUG (client.py) Была вызвана функция create_presence_msg c параметрами (), {}. Вызов из модуля __main__. Вызов из функции main().Вызов из функции main
2023-06-12 18:47:11,284 DEBUG (client.py) Разбор ответа сервера: {'response': 200}
2023-06-12 18:47:11,284 DEBUG (client.py) Успешный ответ : 200: OK
2023-06-12 18:47:11,285 DEBUG (client.py) Была вызвана функция answer_server c параметрами ({'response': 200},), {}. Вызов из модуля __main__. Вызов из функции main().Вызов из функции main
2023-06-12 18:47:11,285 INFO (client.py) Принят ответ от сервера 200 : OK
2023-06-12 18:47:11,285 DEBUG (client.py) Была вызвана функция main c параметрами (), {}. Вызов из модуля __main__. Вызов из функции main().Вызов из функции <module>
2023-06-12 18:48:53,036 DEBUG (client.py) Была вызвана функция create_arg_parser c параметрами (), {}. Вызов из модуля __main__. Вызов из функции main().Вызов из функции main
2023-06-12 18:48:53,037 DEBUG (client.py) Сформировано presence сообщение для пользователя Guest
2023-06-12 18:48:53,037 DEBUG (client.py) Была вызвана функция create_presence_msg c параметрами (), {}. Вызов из модуля __main__. Вызов из функции main().Вызов из функции main
2023-06-12 18:48:53,038 DEBUG (client.py) Разбор ответа сервера: {'response': 200}
2023-06-12 18:48:53,038 DEBUG (client.py) Успешный ответ : 200: OK
2023-06-12 18:48:53,038 DEBUG (client.py) Была вызвана функция answer_server c параметрами ({'response': 200},), {}. Вызов из модуля __main__. Вызов из функции main().Вызов из функции main
2023-06-12 18:48:53,038 INFO (client.py) Принят ответ от сервера 200 : OK
2023-06-12 18:48:53,038 DEBUG (client.py) Была вызвана функция main c параметрами (), {}. Вызов из модуля __main__. Вызов из функции main().Вызов из функции <module>
2023-06-12 18:49:49,362 DEBUG (client.py) Была вызвана функция create_arg_parser c параметрами (), {}. Вызов из модуля __main__. Вызов из функции main().Вызов из функции main
2023-06-12 18:49:49,362 DEBUG (client.py) Сформировано presence сообщение для пользователя Guest
2023-06-12 18:49:49,362 DEBUG (client.py) Была вызвана функция create_presence_msg c параметрами (), {}. Вызов из модуля __main__. Вызов из функции main().Вызов из функции main
2023-06-12 18:49:49,363 DEBUG (client.py) Разбор ответа сервера: {'response': 200}
2023-06-12 18:49:49,363 DEBUG (client.py) Успешный ответ : 200: OK
2023-06-12 18:49:49,364 DEBUG (client.py) Была вызвана функция answer_server c параметрами ({'response': 200},), {}. Вызов из модуля __main__. Вызов из функции main().Вызов из функции main
2023-06-12 18:49:49,364 INFO (client.py) Принят ответ от сервера 200 : OK
2023-06-12 18:49:49,364 DEBUG (client.py) Была вызвана функция main c параметрами (), {}. Вызов из модуля __main__. Вызов из функции main().Вызов из функции <module>
2023-06-12 18:52:11,049 DEBUG (client.py) Была вызвана функция create_arg_parser c параметрами (), {}. Вызов из модуля __main__. Вызов из функции main().Вызов из функции main
2023-06-12 18:52:11,050 DEBUG (client.py) Сформировано presence сообщение для пользователя Guest
2023-06-12 18:52:11,050 DEBUG (client.py) Была вызвана функция create_presence_msg c параметрами (), {}. Вызов из модуля __main__. Вызов из функции main().Вызов из функции main
2023-06-12 18:52:11,051 DEBUG (client.py) Разбор ответа сервера: {'response': 200}
2023-06-12 18:52:11,051 DEBUG (client.py) Успешный ответ : 200: OK
2023-06-12 18:52:11,052 DEBUG (client.py) Была вызвана функция answer_server c параметрами ({'response': 200},), {}. Вызов из модуля __main__. Вызов из функции main().Вызов из функции main
2023-06-12 18:52:11,052 INFO (client.py) Принят ответ от сервера 200 : OK
2023-06-12 18:52:11,052 DEBUG (client.py) Была вызвана функция main c параметрами (), {}. Вызов из модуля __main__. Вызов из функции main().Вызов из функции <module>
2023-06-12 18:54:52,866 DEBUG (client.py) Была вызвана функция create_arg_parser c параметрами (), {}. Вызов из модуля __main__. Вызов из функции main().Вызов из функции main
2023-06-12 18:54:52,867 DEBUG (client.py) Сформировано presence сообщение для пользователя Guest
2023-06-12 18:54:52,867 DEBUG (client.py) Была вызвана функция create_presence_msg c параметрами (), {}. Вызов из модуля __main__. Вызов из функции main().Вызов из функции main
2023-06-12 18:54:52,868 DEBUG (client.py) Разбор ответа сервера: {'response': 200}
2023-06-12 18:54:52,868 DEBUG (client.py) Успешный ответ : 200: OK
2023-06-12 18:54:52,868 DEBUG (client.py) Была вызвана функция answer_server c параметрами ({'response': 200},), {}. Вызов из модуля __main__. Вызов из функции main().Вызов из функции main
2023-06-12 18:54:52,868 INFO (client.py) Принят ответ от сервера 200 : OK
2023-06-12 18:54:52,869 DEBUG (client.py) Была вызвана функция main c параметрами (), {}. Вызов из модуля __main__. Вызов из функции main().Вызов из функции <module>
2023-06-12 19:02:31,001 DEBUG (client.py) Функция create_arg_parser c параметрами (), {}. Вызов из модуля __main__. Вызов из функции <module 'traceback' from '/usr/lib/python3.10/traceback.py'> Вызов из функции main
2023-06-12 19:02:31,002 DEBUG (client.py) Сформировано presence сообщение для пользователя Guest
2023-06-12 19:02:31,002 DEBUG (client.py) Функция create_presence_msg c параметрами (), {}. Вызов из модуля __main__. Вызов из функции <module 'traceback' from '/usr/lib/python3.10/traceback.py'> Вызов из функции main
2023-06-12 19:02:31,003 DEBUG (client.py) Разбор ответа сервера: {'response': 200}
2023-06-12 19:02:31,003 DEBUG (client.py) Успешный ответ : 200: OK
2023-06-12 19:02:31,003 DEBUG (client.py) Функция answer_server c параметрами ({'response': 200},), {}. Вызов из модуля __main__. Вызов из функции <module 'traceback' from '/usr/lib/python3.10/traceback.py'> Вызов из функции main
2023-06-12 19:02:31,003 INFO (client.py) Принят ответ от сервера 200 : OK
2023-06-12 19:02:31,003 DEBUG (client.py) Функция main c параметрами (), {}. Вызов из модуля __main__. Вызов из функции <module 'traceback' from '/usr/lib/python3.10/traceback.py'> Вызов из функции <module>
2023-06-12 19:03:13,700 DEBUG (client.py) Функция create_arg_parser c параметрами (), {}. Вызов из модуля __main__. Вызов из функции ((( <module 'traceback' from '/usr/lib/python3.10/traceback.py'> )))Вызов из функции main
2023-06-12 19:03:13,700 DEBUG (client.py) Сформировано presence сообщение для пользователя Guest
2023-06-12 19:03:13,700 DEBUG (client.py) Функция create_presence_msg c параметрами (), {}. Вызов из модуля __main__. Вызов из функции ((( <module 'traceback' from '/usr/lib/python3.10/traceback.py'> )))Вызов из функции main
2023-06-12 19:03:13,701 DEBUG (client.py) Разбор ответа сервера: {'response': 200}
2023-06-12 19:03:13,701 DEBUG (client.py) Успешный ответ : 200: OK
2023-06-12 19:03:13,701 DEBUG (client.py) Функция answer_server c параметрами ({'response': 200},), {}. Вызов из модуля __main__. Вызов из функции ((( <module 'traceback' from '/usr/lib/python3.10/traceback.py'> )))Вызов из функции main
2023-06-12 19:03:13,701 INFO (client.py) Принят ответ от сервера 200 : OK
2023-06-12 19:03:13,702 DEBUG (client.py) Функция main c параметрами (), {}. Вызов из модуля __main__. Вызов из функции ((( <module 'traceback' from '/usr/lib/python3.10/traceback.py'> )))Вызов из функции <module>
2023-06-12 19:07:52,236 DEBUG (client.py) Функция create_arg_parser c параметрами (), {}. Вызов из модуля __main__. Вызов из функции main().Вызов из функции main
2023-06-12 19:07:52,237 DEBUG (client.py) Сформировано presence сообщение для пользователя Guest
2023-06-12 19:07:52,237 DEBUG (client.py) Функция create_presence_msg c параметрами (), {}. Вызов из модуля __main__. Вызов из функции main().Вызов из функции main
2023-06-12 19:07:52,238 DEBUG (client.py) Разбор ответа сервера: {'response': 200}
2023-06-12 19:07:52,238 DEBUG (client.py) Успешный ответ : 200: OK
2023-06-12 19:07:52,238 DEBUG (client.py) Функция answer_server c параметрами ({'response': 200},), {}. Вызов из модуля __main__. Вызов из функции main().Вызов из функции main
2023-06-12 19:07:52,238 INFO (client.py) Принят ответ от сервера 200 : OK
2023-06-12 19:07:52,238 DEBUG (client.py) Функция main c параметрами (), {}. Вызов из модуля __main__. Вызов из функции main().Вызов из функции <module>
2023-06-12 19:11:37,410 DEBUG (client.py) Функция create_arg_parser c параметрами (), {}. Вызов из модуля __main__. Вызов из функции main().Вызов из функции main
2023-06-12 19:11:37,410 DEBUG (client.py) Сформировано presence сообщение для пользователя Guest
2023-06-12 19:11:37,411 DEBUG (client.py) Функция create_presence_msg c параметрами (), {}. Вызов из модуля __main__. Вызов из функции main().Вызов из функции main
2023-06-12 19:11:37,411 DEBUG (client.py) Разбор ответа сервера: {'response': 200}
2023-06-12 19:11:37,412 DEBUG (client.py) Успешный ответ : 200: OK
2023-06-12 19:11:37,412 DEBUG (client.py) Функция answer_server c параметрами ({'response': 200},), {}. Вызов из модуля __main__. Вызов из функции main().Вызов из функции main
2023-06-12 19:11:37,412 INFO (client.py) Принят ответ от сервера 200 : OK
2023-06-12 19:11:37,413 DEBUG (client.py) Функция main c параметрами (), {}. Вызов из модуля __main__. Вызов из функции main().Вызов из функции <module>
2023-06-12 19:13:23,146 DEBUG (client.py) Функция create_arg_parser c параметрами (), {}. Вызов из модуля __main__. Вызов из функции main().Вызов из функции main
2023-06-12 19:13:23,146 DEBUG (client.py) Сформировано presence сообщение для пользователя Guest
2023-06-12 19:13:23,147 DEBUG (client.py) Функция create_presence_msg c параметрами (), {}. Вызов из модуля __main__. Вызов из функции main().Вызов из функции main
2023-06-12 19:13:23,148 DEBUG (client.py) Разбор ответа сервера: {'response': 200}
2023-06-12 19:13:23,148 DEBUG (client.py) Успешный ответ : 200: OK
2023-06-12 19:13:23,149 DEBUG (client.py) Функция answer_server c параметрами ({'response': 200},), {}. Вызов из модуля __main__. Вызов из функции main().Вызов из функции main
2023-06-12 19:13:23,149 INFO (client.py) Принят ответ от сервера 200 : OK
2023-06-12 19:13:23,149 DEBUG (client.py) Функция main c параметрами (), {}. Вызов из модуля __main__. Вызов из функции main().Вызов из функции <module>
